<?xml version="1.0" encoding="UTF-8"?>
<!-- Generated by org.testng.reporters.JUnitReportReporter -->
<testsuite hostname="aefbcdcffbcfecbccfaabacdbdbbccabbff-0" failures="0" tests="1" name="com.niranjan.AppTest" time="0.004" errors="0" timestamp="2023-03-03T06:37:39 UTC" skipped="0">
  <testcase classname="com.niranjan.AppTest" name="shouldAnswerWithTrue" time="0.004"/>
  <system-out/>
</testsuite> <!-- com.niranjan.AppTest -->
